SF:lib\application\managers\google_map_marker_manager.dart
DA:15,2
DA:17,2
DA:22,2
DA:23,2
DA:24,0
DA:26,0
DA:27,0
DA:28,0
DA:31,4
DA:35,1
DA:37,5
DA:38,2
DA:39,2
DA:45,2
DA:46,4
DA:47,4
DA:48,2
DA:49,6
DA:50,4
DA:56,2
DA:57,4
DA:58,2
DA:59,2
DA:62,0
DA:63,0
DA:64,0
DA:65,0
DA:66,0
DA:67,0
LF:29
LH:19
end_of_record
SF:lib\domain\entities\pin.dart
DA:7,5
LF:1
LH:1
end_of_record
SF:lib\application\usecases\load_pins_usecase.dart
DA:7,3
DA:9,3
DA:10,6
LF:3
LH:3
end_of_record
SF:lib\application\usecases\save_pin_usecase.dart
DA:5,1
DA:7,1
DA:8,2
LF:3
LH:3
end_of_record
SF:lib\application\usecases\delete_pin_usecase.dart
DA:5,2
DA:7,2
DA:8,4
LF:3
LH:3
end_of_record
SF:lib\infrastructure\repositories\firestore_pin_repository.dart
DA:9,1
DA:10,0
DA:12,1
DA:14,4
DA:18,1
DA:22,1
DA:25,3
DA:26,1
DA:27,3
DA:28,1
DA:30,1
DA:34,1
DA:36,1
DA:37,1
DA:38,1
DA:39,1
DA:40,2
DA:41,5
LF:18
LH:17
end_of_record
SF:lib\infrastructure\mappers\firestore_pin_mapper.dart
DA:5,2
DA:6,2
DA:7,2
DA:8,2
DA:9,2
DA:10,4
DA:11,4
LF:7
LH:7
end_of_record
SF:lib\infrastructure\services\geolocator_current_location_service.dart
DA:5,0
DA:7,0
DA:9,0
DA:13,0
DA:14,0
DA:15,0
DA:16,0
DA:20,0
DA:24,0
DA:25,0
DA:26,0
DA:27,0
LF:12
LH:0
end_of_record
SF:lib\domain\services\current_location_service.dart
DA:8,1
LF:1
LH:1
end_of_record
SF:lib\domain\entities\location_candidate.dart
DA:7,2
LF:1
LH:1
end_of_record
SF:lib\infrastructure\services\google_places_api_location_search_service.dart
DA:12,2
DA:15,1
DA:18,1
DA:20,1
DA:23,2
DA:25,2
DA:26,2
DA:27,0
DA:28,0
DA:31,3
DA:32,1
DA:33,1
DA:34,2
DA:35,1
DA:36,1
DA:37,1
DA:39,4
DA:41,4
DA:43,1
LF:19
LH:17
end_of_record
SF:lib\main.dart
DA:7,0
DA:8,0
DA:9,0
DA:10,0
DA:11,0
DA:15,2
DA:17,1
DA:19,1
DA:21,1
DA:22,1
LF:10
LH:5
end_of_record
SF:lib\firebase_options.dart
DA:18,0
DA:20,0
DA:25,0
DA:26,0
DA:28,0
DA:29,0
DA:33,0
DA:34,0
DA:38,0
DA:39,0
DA:43,0
DA:44,0
DA:49,0
LF:13
LH:0
end_of_record
SF:lib\presentation\home_page.dart
DA:6,1
DA:10,1
DA:11,1
DA:15,1
DA:17,1
DA:18,1
DA:20,0
DA:21,0
DA:22,0
DA:23,0
DA:24,0
DA:29,1
DA:30,1
DA:33,1
DA:34,1
DA:35,3
DA:36,1
DA:38,1
DA:39,1
DA:40,1
DA:41,1
DA:42,1
DA:43,2
DA:45,1
LF:24
LH:19
end_of_record
SF:lib\presentation\google_map_screen.dart
DA:18,1
DA:25,1
DA:26,1
DA:34,1
DA:35,2
DA:37,1
DA:39,1
DA:40,2
DA:41,2
DA:43,2
DA:44,0
DA:45,0
DA:47,0
DA:48,0
DA:50,1
DA:53,1
DA:54,1
DA:55,1
DA:56,2
DA:59,1
DA:60,2
DA:61,4
DA:65,0
DA:66,0
DA:67,0
DA:69,0
DA:70,0
DA:71,0
DA:72,0
DA:73,0
DA:76,0
DA:77,0
DA:78,0
DA:79,0
DA:84,1
DA:86,2
DA:88,0
DA:89,0
DA:90,0
DA:91,0
DA:96,0
DA:97,0
DA:98,0
DA:101,0
DA:103,0
DA:104,0
DA:105,0
DA:106,0
DA:107,0
DA:108,0
DA:111,0
DA:112,0
DA:113,0
DA:114,0
DA:119,1
DA:121,4
DA:122,1
DA:124,1
DA:125,1
DA:126,1
DA:127,2
DA:128,2
DA:129,2
DA:130,2
DA:132,1
DA:134,0
DA:135,0
DA:139,1
DA:140,2
DA:142,0
DA:143,0
DA:144,0
DA:145,0
DA:148,3
DA:149,1
DA:150,0
DA:151,0
DA:156,1
DA:158,1
DA:161,1
DA:162,1
DA:163,1
DA:164,1
DA:165,1
DA:166,1
DA:167,1
DA:171,3
DA:172,1
DA:176,1
DA:180,1
DA:183,0
DA:185,0
DA:186,0
DA:187,0
DA:193,7
DA:194,1
DA:195,1
DA:196,1
DA:197,2
DA:198,2
DA:199,1
DA:200,2
DA:201,4
DA:207,1
DA:210,1
DA:212,1
LF:106
LH:60
end_of_record
SF:lib\presentation\widgets\search_bar.dart
DA:12,3
DA:21,2
DA:22,2
DA:30,2
DA:32,2
DA:33,8
DA:36,1
DA:37,2
DA:38,3
DA:39,3
DA:40,2
DA:42,2
DA:43,1
DA:44,1
DA:48,2
DA:50,2
DA:52,2
DA:53,2
DA:55,2
DA:56,2
DA:57,2
DA:58,4
DA:61,2
DA:62,2
DA:65,2
DA:66,2
DA:69,2
DA:70,2
DA:73,6
DA:74,1
DA:76,1
DA:77,2
DA:78,2
DA:79,2
DA:81,2
DA:91,1
DA:92,2
DA:93,2
DA:95,2
DA:98,2
DA:99,0
DA:103,4
DA:104,1
DA:105,1
DA:107,1
DA:108,1
DA:109,1
DA:112,1
DA:117,1
DA:119,2
DA:120,1
DA:121,2
DA:122,1
DA:123,2
DA:124,2
DA:125,1
DA:126,3
DA:127,2
DA:128,2
LF:59
LH:58
end_of_record
